<testsuites id="" name="" tests="1" failures="1" skipped="0" errors="0" time="40.759935">
<testsuite name="tenant-lifecycle-simple.spec.ts" timestamp="2025-09-30T22:04:28.393Z" hostname="chromium" tests="1" failures="1" skipped="0" time="34.427" errors="0">
<testcase name="Ciclo de Vida Simplificado de Tenant › Flujo básico: Login y navegación" classname="tenant-lifecycle-simple.spec.ts" time="34.427">
<failure message="tenant-lifecycle-simple.spec.ts:25:7 Flujo básico: Login y navegación" type="FAILURE">
<![CDATA[  [chromium] › tenant-lifecycle-simple.spec.ts:25:7 › Ciclo de Vida Simplificado de Tenant › Flujo básico: Login y navegación 

    Test timeout of 30000ms exceeded.

    Error: page.goto: Test timeout of 30000ms exceeded.
    Call log:
      - navigating to "http://localhost:3002/super-admin", waiting until "load"


      53 |     
      54 |     // Navegar al panel de Super-Admin
    > 55 |     await page.goto('/super-admin')
         |                ^
      56 |     
      57 |     // Esperar a que la página cargue completamente
      58 |     await page.waitForLoadState('networkidle')
        at C:\Users\Juan\Desktop\Metanoia_v1.0.1\tests\e2e\tenant-lifecycle-simple.spec.ts:55:16

    attachment #1: screenshot (image/png) ──────────────────────────────────────────────────────────
    ..\..\test-results\tenant-lifecycle-simple-Ci-72925-o-básico-Login-y-navegación-chromium\test-failed-1.png
    ────────────────────────────────────────────────────────────────────────────────────────────────

    attachment #2: video (video/webm) ──────────────────────────────────────────────────────────────
    ..\..\test-results\tenant-lifecycle-simple-Ci-72925-o-básico-Login-y-navegación-chromium\video.webm
    ────────────────────────────────────────────────────────────────────────────────────────────────

    Error Context: ..\..\test-results\tenant-lifecycle-simple-Ci-72925-o-básico-Login-y-navegación-chromium\error-context.md
]]>
</failure>
<system-out>
<![CDATA[🔐 Iniciando sesión como Super-Admin...
✅ Super-Admin logueado exitosamente
🏢 Navegando a la gestión de tenants...

[[ATTACHMENT|tenant-lifecycle-simple-Ci-72925-o-básico-Login-y-navegación-chromium\test-failed-1.png]]

[[ATTACHMENT|tenant-lifecycle-simple-Ci-72925-o-básico-Login-y-navegación-chromium\video.webm]]

[[ATTACHMENT|tenant-lifecycle-simple-Ci-72925-o-básico-Login-y-navegación-chromium\error-context.md]]
]]>
</system-out>
</testcase>
</testsuite>
</testsuites>