<testsuites id="" name="" tests="1" failures="1" skipped="0" errors="0" time="40.759935">
<testsuite name="tenant-lifecycle-simple.spec.ts" timestamp="2025-09-30T22:04:28.393Z" hostname="chromium" tests="1" failures="1" skipped="0" time="34.427" errors="0">
<testcase name="Ciclo de Vida Simplificado de Tenant â€º Flujo bÃ¡sico: Login y navegaciÃ³n" classname="tenant-lifecycle-simple.spec.ts" time="34.427">
<failure message="tenant-lifecycle-simple.spec.ts:25:7 Flujo bÃ¡sico: Login y navegaciÃ³n" type="FAILURE">
<![CDATA[  [chromium] â€º tenant-lifecycle-simple.spec.ts:25:7 â€º Ciclo de Vida Simplificado de Tenant â€º Flujo bÃ¡sico: Login y navegaciÃ³n 

    Test timeout of 30000ms exceeded.

    Error: page.goto: Test timeout of 30000ms exceeded.
    Call log:
      - navigating to "http://localhost:3002/super-admin", waiting until "load"


      53 |     
      54 |     // Navegar al panel de Super-Admin
    > 55 |     await page.goto('/super-admin')
         |                ^
      56 |     
      57 |     // Esperar a que la pÃ¡gina cargue completamente
      58 |     await page.waitForLoadState('networkidle')
        at C:\Users\Juan\Desktop\Metanoia_v1.0.1\tests\e2e\tenant-lifecycle-simple.spec.ts:55:16

    attachment #1: screenshot (image/png) â”€â”€â”€â”€â”€â”€â”€â”€â”€â”€â”€â”€â”€â”€â”€â”€â”€â”€â”€â”€â”€â”€â”€â”€â”€â”€â”€â”€â”€â”€â”€â”€â”€â”€â”€â”€â”€â”€â”€â”€â”€â”€â”€â”€â”€â”€â”€â”€â”€â”€â”€â”€â”€â”€â”€â”€â”€â”€
    ..\..\test-results\tenant-lifecycle-simple-Ci-72925-o-bÃ¡sico-Login-y-navegaciÃ³n-chromium\test-failed-1.png
    â”€â”€â”€â”€â”€â”€â”€â”€â”€â”€â”€â”€â”€â”€â”€â”€â”€â”€â”€â”€â”€â”€â”€â”€â”€â”€â”€â”€â”€â”€â”€â”€â”€â”€â”€â”€â”€â”€â”€â”€â”€â”€â”€â”€â”€â”€â”€â”€â”€â”€â”€â”€â”€â”€â”€â”€â”€â”€â”€â”€â”€â”€â”€â”€â”€â”€â”€â”€â”€â”€â”€â”€â”€â”€â”€â”€â”€â”€â”€â”€â”€â”€â”€â”€â”€â”€â”€â”€â”€â”€â”€â”€â”€â”€â”€â”€

    attachment #2: video (video/webm) â”€â”€â”€â”€â”€â”€â”€â”€â”€â”€â”€â”€â”€â”€â”€â”€â”€â”€â”€â”€â”€â”€â”€â”€â”€â”€â”€â”€â”€â”€â”€â”€â”€â”€â”€â”€â”€â”€â”€â”€â”€â”€â”€â”€â”€â”€â”€â”€â”€â”€â”€â”€â”€â”€â”€â”€â”€â”€â”€â”€â”€â”€
    ..\..\test-results\tenant-lifecycle-simple-Ci-72925-o-bÃ¡sico-Login-y-navegaciÃ³n-chromium\video.webm
    â”€â”€â”€â”€â”€â”€â”€â”€â”€â”€â”€â”€â”€â”€â”€â”€â”€â”€â”€â”€â”€â”€â”€â”€â”€â”€â”€â”€â”€â”€â”€â”€â”€â”€â”€â”€â”€â”€â”€â”€â”€â”€â”€â”€â”€â”€â”€â”€â”€â”€â”€â”€â”€â”€â”€â”€â”€â”€â”€â”€â”€â”€â”€â”€â”€â”€â”€â”€â”€â”€â”€â”€â”€â”€â”€â”€â”€â”€â”€â”€â”€â”€â”€â”€â”€â”€â”€â”€â”€â”€â”€â”€â”€â”€â”€â”€

    Error Context: ..\..\test-results\tenant-lifecycle-simple-Ci-72925-o-bÃ¡sico-Login-y-navegaciÃ³n-chromium\error-context.md
]]>
</failure>
<system-out>
<![CDATA[ðŸ” Iniciando sesiÃ³n como Super-Admin...
âœ… Super-Admin logueado exitosamente
ðŸ¢ Navegando a la gestiÃ³n de tenants...

[[ATTACHMENT|tenant-lifecycle-simple-Ci-72925-o-bÃ¡sico-Login-y-navegaciÃ³n-chromium\test-failed-1.png]]

[[ATTACHMENT|tenant-lifecycle-simple-Ci-72925-o-bÃ¡sico-Login-y-navegaciÃ³n-chromium\video.webm]]

[[ATTACHMENT|tenant-lifecycle-simple-Ci-72925-o-bÃ¡sico-Login-y-navegaciÃ³n-chromium\error-context.md]]
]]>
</system-out>
</testcase>
</testsuite>
</testsuites>